Build started 4/7/2021 3:41:03 PM.
     1>Project "E:\Huong doi tuong\Phanso\Phanso\Phanso.vcxproj" on node 2 (build target(s)).
     1>InitializeBuildStatus:
         Creating "Release\Phanso.unsuccessfulbuild" because "AlwaysCreate" was specified.
       ClCompile:
         C:\Program Files (x86)\Microsoft Visual Studio 10.0\VC\bin\CL.exe /c /Zi /nologo /W3 /WX- /O2 /Oi /Oy- /GL /D WIN32 /D NDEBUG /D _CONSOLE /D _UNICODE /D UNICODE /Gm- /EHsc /MD /GS /Gy /fp:precise /Zc:wchar_t /Zc:forScope /Fo"Release\\" /Fd"Release\vc100.pdb" /Gd /TP /analyze- /errorReport:prompt main.cpp
         main.cpp
       Link:
         C:\Program Files (x86)\Microsoft Visual Studio 10.0\VC\bin\link.exe /ERRORREPORT:PROMPT /OUT:"E:\Huong doi tuong\Phanso\Release\Phanso.exe" /INCREMENTAL:NO /NOLOGO kernel32.lib user32.lib gdi32.lib winspool.lib comdlg32.lib advapi32.lib shell32.lib ole32.lib oleaut32.lib uuid.lib odbc32.lib odbccp32.lib /MANIFEST /ManifestFile:"Release\Phanso.exe.intermediate.manifest" /MANIFESTUAC:"level='asInvoker' uiAccess='false'" /DEBUG /PDB:"E:\Huong doi tuong\Phanso\Release\Phanso.pdb" /SUBSYSTEM:CONSOLE /OPT:REF /OPT:ICF /LTCG /TLBID:1 /DYNAMICBASE /NXCOMPAT /IMPLIB:"E:\Huong doi tuong\Phanso\Release\Phanso.lib" /MACHINE:X86 Release\main.obj
         Release\Phanso.obj
         Generating code
         Finished generating code
         Phanso.vcxproj -> E:\Huong doi tuong\Phanso\Release\Phanso.exe
       Manifest:
         C:\Program Files (x86)\Microsoft SDKs\Windows\v7.0A\bin\mt.exe /nologo /verbose /outputresource:"E:\Huong doi tuong\Phanso\Release\Phanso.exe;#1" /manifest Release\Phanso.exe.intermediate.manifest
       FinalizeBuildStatus:
         Deleting file "Release\Phanso.unsuccessfulbuild".
         Touching "Release\Phanso.lastbuildstate".
     1>Done Building Project "E:\Huong doi tuong\Phanso\Phanso\Phanso.vcxproj" (build target(s)).

Build succeeded.

Time Elapsed 00:00:01.37
